<?xml version="1.0" encoding="UTF-8"?>
<testng-results total="2" passed="2" failed="0" skipped="0">
  <reporter-output>
    <line>
      <![CDATA[till now]]>
    </line>
  </reporter-output>
  <suite started-at="2024-04-26T13:47:21Z" name="Suite" finished-at="2024-04-26T13:47:54Z" duration-ms="33085">
    <groups>
    </groups>
    <test started-at="2024-04-26T13:47:21Z" name="Test" finished-at="2024-04-26T13:47:54Z" duration-ms="33085">
      <class name="com.hrms.scripts.Tc006">
        <test-method signature="tc006()[pri:0, instance:com.hrms.scripts.Tc006@176b75f7]" started-at="2024-04-26T19:17:39Z" name="tc006" finished-at="2024-04-26T19:17:54Z" duration-ms="15722" status="PASS">
          <reporter-output>
            <line>
              <![CDATA[till now]]>
            </line>
          </reporter-output>
        </test-method> <!-- tc006 -->
      </class> <!-- com.hrms.scripts.Tc006 -->
      <class name="com.hrms.scripts.Tc005">
        <test-method signature="tc005()[pri:0, instance:com.hrms.scripts.Tc005@63eef88a]" started-at="2024-04-26T19:17:21Z" name="tc005" finished-at="2024-04-26T19:17:39Z" duration-ms="17346" status="PASS">
          <reporter-output>
          </reporter-output>
        </test-method> <!-- tc005 -->
      </class> <!-- com.hrms.scripts.Tc005 -->
    </test> <!-- Test -->
  </suite> <!-- Suite -->
</testng-results>
