<?xml version="1.0" encoding="UTF-8"?>
<testng-results total="1" passed="1" failed="0" skipped="0">
  <reporter-output>
    <line>
      <![CDATA[title not Matched ]]>
    </line>
    <line>
      <![CDATA[OrangeHRM]]>
    </line>
    <line>
      <![CDATA[title not Matched ]]>
    </line>
    <line>
      <![CDATA[OrangeHRM]]>
    </line>
  </reporter-output>
  <suite started-at="2024-05-27T10:55:59Z" name="Default suite" finished-at="2024-05-27T10:56:06Z" duration-ms="7747">
    <groups>
    </groups>
    <test started-at="2024-05-27T10:55:59Z" name="Default test" finished-at="2024-05-27T10:56:06Z" duration-ms="7747">
      <class name="com.hrms.testscripts.Tc001">
        <test-method signature="tc001()[pri:0, instance:com.hrms.testscripts.Tc001@9573584]" started-at="2024-05-27T16:25:59Z" name="tc001" finished-at="2024-05-27T16:26:06Z" duration-ms="7733" status="PASS">
          <reporter-output>
            <line>
              <![CDATA[title not Matched ]]>
            </line>
            <line>
              <![CDATA[OrangeHRM]]>
            </line>
            <line>
              <![CDATA[title not Matched ]]>
            </line>
            <line>
              <![CDATA[OrangeHRM]]>
            </line>
          </reporter-output>
        </test-method> <!-- tc001 -->
      </class> <!-- com.hrms.testscripts.Tc001 -->
    </test> <!-- Default test -->
  </suite> <!-- Default suite -->
</testng-results>
